{"/Users/zsd/repo/pv/underscore/underscore.js":{"path":"/Users/zsd/repo/pv/underscore/underscore.js","s":{"1":1,"2":1,"3":1,"4":1,"5":1,"6":1,"7":1,"8":10,"9":15,"10":1,"11":1,"12":1,"13":1,"14":1,"15":1,"16":1,"17":1},"b":{},"f":{},"fnMap":{},"statementMap":{"1":{"start":{"line":1,"column":0},"end":{"line":1,"column":18}},"2":{"start":{"line":2,"column":0},"end":{"line":2,"column":18}},"3":{"start":{"line":5,"column":0},"end":{"line":5,"column":14}},"4":{"start":{"line":6,"column":0},"end":{"line":6,"column":19}},"5":{"start":{"line":6,"column":18},"end":{"line":6,"column":19}},"6":{"start":{"line":7,"column":0},"end":{"line":7,"column":26}},"7":{"start":{"line":10,"column":0},"end":{"line":10,"column":74}},"8":{"start":{"line":10,"column":19},"end":{"line":10,"column":74}},"9":{"start":{"line":10,"column":26},"end":{"line":10,"column":74}},"10":{"start":{"line":12,"column":0},"end":{"line":12,"column":31}},"11":{"start":{"line":13,"column":0},"end":{"line":13,"column":31}},"12":{"start":{"line":14,"column":0},"end":{"line":14,"column":29}},"13":{"start":{"line":15,"column":0},"end":{"line":15,"column":31}},"14":{"start":{"line":16,"column":0},"end":{"line":16,"column":31}},"15":{"start":{"line":17,"column":0},"end":{"line":17,"column":33}},"16":{"start":{"line":18,"column":0},"end":{"line":18,"column":27}},"17":{"start":{"line":19,"column":0},"end":{"line":19,"column":37}}},"branchMap":{}}}